# JRE version: OpenJDK Runtime Environment (21.0.10) (build 21.0.10+-14961533-b1163.108)
# Java VM: OpenJDK 64-Bit Server VM (21.0.10+-14961533-b1163.108, mixed mode, tiered, compressed oops, compressed class ptrs, g1 gc, windows-amd64)
GC Precious Log:
 CardTable entry size: 512
 Card Set container configuration: InlinePtr #cards 4 size 8 Array Of Cards #cards 32 size 80 Howl #buckets 8 coarsen threshold 7372 Howl Bitmap #cards 1024 size 144 coarsen threshold 921 Card regions per heap region 1 cards per card region 8192
 CPUs: 4 total, 4 available
 Memory: 3463M
 Large Page Support: Disabled
 NUMA Support: Disabled
 Compressed Oops: Enabled (Zero based)
 Heap Region Size: 4M
 Heap Min Capacity: 8M
 Heap Initial Capacity: 56M
 Heap Max Capacity: 8G
 Pre-touch: Disabled
 Parallel Workers: 4
 Concurrent Workers: 1
 Concurrent Refinement Workers: 4
 Periodic GC: Disabled
Heap:
 garbage-first heap   total 929792K, used 220654K [0x0000000600000000, 0x0000000800000000)
  region size 4096K, 6 young (24576K), 6 survivors (24576K)
 Metaspace       used 107680K, committed 109632K, reserved 1179648K
  class space    used 14709K, committed 15680K, reserved 1048576K
GC Heap History (20 events):
Event: 193.494 GC heap after
{Heap after GC invocations=74 (full 0):
 garbage-first heap   total 929792K, used 166544K [0x0000000600000000, 0x0000000800000000)
  region size 4096K, 8 young (32768K), 8 survivors (32768K)
 Metaspace       used 106238K, committed 108224K, reserved 1179648K
  class space    used 14554K, committed 15488K, reserved 1048576K
}
Event: 217.204 GC heap before
{Heap before GC invocations=74 (full 0):
 garbage-first heap   total 929792K, used 584336K [0x0000000600000000, 0x0000000800000000)
  region size 4096K, 111 young (454656K), 8 survivors (32768K)
 Metaspace       used 107306K, committed 109248K, reserved 1179648K
  class space    used 14699K, committed 15616K, reserved 1048576K
}
Event: 217.368 GC heap after
{Heap after GC invocations=75 (full 0):
 garbage-first heap   total 929792K, used 193885K [0x0000000600000000, 0x0000000800000000)
  region size 4096K, 14 young (57344K), 14 survivors (57344K)
 Metaspace       used 107306K, committed 109248K, reserved 1179648K
  class space    used 14699K, committed 15616K, reserved 1048576K
}
Event: 218.651 GC heap before
{Heap before GC invocations=75 (full 0):
 garbage-first heap   total 929792K, used 324957K [0x0000000600000000, 0x0000000800000000)
  region size 4096K, 46 young (188416K), 14 survivors (57344K)
 Metaspace       used 107372K, committed 109312K, reserved 1179648K
  class space    used 14700K, committed 15616K, reserved 1048576K
}
Event: 220.666 GC heap after
{Heap after GC invocations=76 (full 0):
 garbage-first heap   total 929792K, used 204800K [0x0000000600000000, 0x0000000800000000)
  region size 4096K, 2 young (8192K), 2 survivors (8192K)
 Metaspace       used 107372K, committed 109312K, reserved 1179648K
  class space    used 14700K, committed 15616K, reserved 1048576K
}
Event: 222.032 GC heap before
{Heap before GC invocations=76 (full 0):
 garbage-first heap   total 929792K, used 262144K [0x0000000600000000, 0x0000000800000000)
  region size 4096K, 17 young (69632K), 2 survivors (8192K)
 Metaspace       used 107392K, committed 109312K, reserved 1179648K
  class space    used 14700K, committed 15616K, reserved 1048576K
}
Event: 222.036 GC heap after
{Heap after GC invocations=77 (full 0):
 garbage-first heap   total 929792K, used 199171K [0x0000000600000000, 0x0000000800000000)
  region size 4096K, 1 young (4096K), 1 survivors (4096K)
 Metaspace       used 107392K, committed 109312K, reserved 1179648K
  class space    used 14700K, committed 15616K, reserved 1048576K
}
Event: 224.290 GC heap before
{Heap before GC invocations=77 (full 0):
 garbage-first heap   total 929792K, used 342531K [0x0000000600000000, 0x0000000800000000)
  region size 4096K, 37 young (151552K), 1 survivors (4096K)
 Metaspace       used 107411K, committed 109376K, reserved 1179648K
  class space    used 14700K, committed 15616K, reserved 1048576K
}
Event: 224.297 GC heap after
{Heap after GC invocations=78 (full 0):
 garbage-first heap   total 929792K, used 199594K [0x0000000600000000, 0x0000000800000000)
  region size 4096K, 1 young (4096K), 1 survivors (4096K)
 Metaspace       used 107411K, committed 109376K, reserved 1179648K
  class space    used 14700K, committed 15616K, reserved 1048576K
}
Event: 228.679 GC heap before
{Heap before GC invocations=78 (full 0):
 garbage-first heap   total 929792K, used 572330K [0x0000000600000000, 0x0000000800000000)
  region size 4096K, 92 young (376832K), 1 survivors (4096K)
 Metaspace       used 107422K, committed 109376K, reserved 1179648K
  class space    used 14703K, committed 15616K, reserved 1048576K
}
Event: 228.689 GC heap after
{Heap after GC invocations=79 (full 0):
 garbage-first heap   total 929792K, used 202058K [0x0000000600000000, 0x0000000800000000)
  region size 4096K, 2 young (8192K), 2 survivors (8192K)
 Metaspace       used 107422K, committed 109376K, reserved 1179648K
  class space    used 14703K, committed 15616K, reserved 1048576K
}
Event: 232.728 GC heap before
{Heap before GC invocations=79 (full 0):
 garbage-first heap   total 929792K, used 660810K [0x0000000600000000, 0x0000000800000000)
  region size 4096K, 115 young (471040K), 2 survivors (8192K)
 Metaspace       used 107530K, committed 109440K, reserved 1179648K
  class space    used 14703K, committed 15616K, reserved 1048576K
}
Event: 232.805 GC heap after
{Heap after GC invocations=80 (full 0):
 garbage-first heap   total 929792K, used 212428K [0x0000000600000000, 0x0000000800000000)
  region size 4096K, 4 young (16384K), 4 survivors (16384K)
 Metaspace       used 107530K, committed 109440K, reserved 1179648K
  class space    used 14703K, committed 15616K, reserved 1048576K
}
Event: 233.827 GC heap before
{Heap before GC invocations=80 (full 0):
 garbage-first heap   total 929792K, used 421324K [0x0000000600000000, 0x0000000800000000)
  region size 4096K, 55 young (225280K), 4 survivors (16384K)
 Metaspace       used 107539K, committed 109440K, reserved 1179648K
  class space    used 14703K, committed 15616K, reserved 1048576K
}
Event: 233.930 GC heap after
{Heap after GC invocations=81 (full 0):
 garbage-first heap   total 929792K, used 213706K [0x0000000600000000, 0x0000000800000000)
  region size 4096K, 5 young (20480K), 5 survivors (20480K)
 Metaspace       used 107539K, committed 109440K, reserved 1179648K
  class space    used 14703K, committed 15616K, reserved 1048576K
}
Event: 240.015 GC heap before
{Heap before GC invocations=81 (full 0):
 garbage-first heap   total 929792K, used 737994K [0x0000000600000000, 0x0000000800000000)
  region size 4096K, 134 young (548864K), 5 survivors (20480K)
 Metaspace       used 107615K, committed 109568K, reserved 1179648K
  class space    used 14704K, committed 15680K, reserved 1048576K
}
Event: 240.099 GC heap after
{Heap after GC invocations=82 (full 0):
 garbage-first heap   total 929792K, used 214709K [0x0000000600000000, 0x0000000800000000)
  region size 4096K, 5 young (20480K), 5 survivors (20480K)
 Metaspace       used 107615K, committed 109568K, reserved 1179648K
  class space    used 14704K, committed 15680K, reserved 1048576K
}
Event: 242.390 GC heap before
{Heap before GC invocations=82 (full 0):
 garbage-first heap   total 929792K, used 747189K [0x0000000600000000, 0x0000000800000000)
  region size 4096K, 136 young (557056K), 5 survivors (20480K)
 Metaspace       used 107631K, committed 109632K, reserved 1179648K
  class space    used 14704K, committed 15680K, reserved 1048576K
}
Event: 242.479 GC heap after
{Heap after GC invocations=83 (full 0):
 garbage-first heap   total 929792K, used 219021K [0x0000000600000000, 0x0000000800000000)
  region size 4096K, 6 young (24576K), 6 survivors (24576K)
 Metaspace       used 107631K, committed 109632K, reserved 1179648K
  class space    used 14704K, committed 15680K, reserved 1048576K
}
Event: 245.269 GC heap before
{Heap before GC invocations=83 (full 0):
 garbage-first heap   total 929792K, used 747405K [0x0000000600000000, 0x0000000800000000)
  region size 4096K, 136 young (557056K), 6 survivors (24576K)
 Metaspace       used 107680K, committed 109632K, reserved 1179648K
  class space    used 14709K, committed 15680K, reserved 1048576K
}

