# JRE version: OpenJDK Runtime Environment (21.0.10) (build 21.0.10+-14961533-b1163.108)
# Java VM: OpenJDK 64-Bit Server VM (21.0.10+-14961533-b1163.108, mixed mode, tiered, compressed oops, compressed class ptrs, g1 gc, windows-amd64)
GC Precious Log:
 CardTable entry size: 512
 Card Set container configuration: InlinePtr #cards 4 size 8 Array Of Cards #cards 32 size 80 Howl #buckets 8 coarsen threshold 7372 Howl Bitmap #cards 1024 size 144 coarsen threshold 921 Card regions per heap region 1 cards per card region 8192
 CPUs: 4 total, 4 available
 Memory: 3463M
 Large Page Support: Disabled
 NUMA Support: Disabled
 Compressed Oops: Enabled (Zero based)
 Heap Region Size: 4M
 Heap Min Capacity: 8M
 Heap Initial Capacity: 56M
 Heap Max Capacity: 8G
 Pre-touch: Disabled
 Parallel Workers: 4
 Concurrent Workers: 1
 Concurrent Refinement Workers: 4
 Periodic GC: Disabled
Heap:
 garbage-first heap   total 1675264K, used 254596K [0x0000000600000000, 0x0000000800000000)
  region size 4096K, 2 young (8192K), 2 survivors (8192K)
 Metaspace       used 172600K, committed 174912K, reserved 1245184K
  class space    used 22192K, committed 23296K, reserved 1048576K
GC Heap History (20 events):
Event: 274.423 GC heap after
{Heap after GC invocations=141 (full 0):
 garbage-first heap   total 696320K, used 226199K [0x0000000600000000, 0x0000000800000000)
  region size 4096K, 6 young (24576K), 6 survivors (24576K)
 Metaspace       used 172512K, committed 174848K, reserved 1245184K
  class space    used 22188K, committed 23296K, reserved 1048576K
}
Event: 275.626 GC heap before
{Heap before GC invocations=141 (full 0):
 garbage-first heap   total 696320K, used 615319K [0x0000000600000000, 0x0000000800000000)
  region size 4096K, 102 young (417792K), 6 survivors (24576K)
 Metaspace       used 172524K, committed 174848K, reserved 1245184K
  class space    used 22188K, committed 23296K, reserved 1048576K
}
Event: 275.657 GC heap after
{Heap after GC invocations=142 (full 0):
 garbage-first heap   total 696320K, used 232773K [0x0000000600000000, 0x0000000800000000)
  region size 4096K, 7 young (28672K), 7 survivors (28672K)
 Metaspace       used 172524K, committed 174848K, reserved 1245184K
  class space    used 22188K, committed 23296K, reserved 1048576K
}
Event: 276.616 GC heap before
{Heap before GC invocations=142 (full 0):
 garbage-first heap   total 696320K, used 621893K [0x0000000600000000, 0x0000000800000000)
  region size 4096K, 102 young (417792K), 7 survivors (28672K)
 Metaspace       used 172527K, committed 174848K, reserved 1245184K
  class space    used 22188K, committed 23296K, reserved 1048576K
}
Event: 276.809 GC heap after
{Heap after GC invocations=143 (full 0):
 garbage-first heap   total 696320K, used 237568K [0x0000000600000000, 0x0000000800000000)
  region size 4096K, 8 young (32768K), 8 survivors (32768K)
 Metaspace       used 172527K, committed 174848K, reserved 1245184K
  class space    used 22188K, committed 23296K, reserved 1048576K
}
Event: 277.439 GC heap before
{Heap before GC invocations=143 (full 0):
 garbage-first heap   total 696320K, used 622592K [0x0000000600000000, 0x0000000800000000)
  region size 4096K, 102 young (417792K), 8 survivors (32768K)
 Metaspace       used 172527K, committed 174848K, reserved 1245184K
  class space    used 22188K, committed 23296K, reserved 1048576K
}
Event: 278.096 GC heap after
{Heap after GC invocations=144 (full 0):
 garbage-first heap   total 696320K, used 240644K [0x0000000600000000, 0x0000000800000000)
  region size 4096K, 8 young (32768K), 8 survivors (32768K)
 Metaspace       used 172527K, committed 174848K, reserved 1245184K
  class space    used 22188K, committed 23296K, reserved 1048576K
}
Event: 278.130 GC heap before
{Heap before GC invocations=144 (full 0):
 garbage-first heap   total 696320K, used 244740K [0x0000000600000000, 0x0000000800000000)
  region size 4096K, 9 young (36864K), 8 survivors (32768K)
 Metaspace       used 172527K, committed 174848K, reserved 1245184K
  class space    used 22188K, committed 23296K, reserved 1048576K
}
Event: 278.255 GC heap after
{Heap after GC invocations=145 (full 0):
 garbage-first heap   total 1675264K, used 243707K [0x0000000600000000, 0x0000000800000000)
  region size 4096K, 2 young (8192K), 2 survivors (8192K)
 Metaspace       used 172527K, committed 174848K, reserved 1245184K
  class space    used 22188K, committed 23296K, reserved 1048576K
}
Event: 323.035 GC heap before
{Heap before GC invocations=145 (full 0):
 garbage-first heap   total 1675264K, used 1234939K [0x0000000600000000, 0x0000000800000000)
  region size 4096K, 245 young (1003520K), 2 survivors (8192K)
 Metaspace       used 172597K, committed 174912K, reserved 1245184K
  class space    used 22192K, committed 23296K, reserved 1048576K
}
Event: 326.234 GC heap after
{Heap after GC invocations=146 (full 0):
 garbage-first heap   total 1675264K, used 248489K [0x0000000600000000, 0x0000000800000000)
  region size 4096K, 3 young (12288K), 3 survivors (12288K)
 Metaspace       used 172597K, committed 174912K, reserved 1245184K
  class space    used 22192K, committed 23296K, reserved 1048576K
}
Event: 326.781 GC heap before
{Heap before GC invocations=146 (full 0):
 garbage-first heap   total 1675264K, used 318121K [0x0000000600000000, 0x0000000800000000)
  region size 4096K, 20 young (81920K), 3 survivors (12288K)
 Metaspace       used 172597K, committed 174912K, reserved 1245184K
  class space    used 22192K, committed 23296K, reserved 1048576K
}
Event: 326.833 GC heap after
{Heap after GC invocations=147 (full 0):
 garbage-first heap   total 1675264K, used 251301K [0x0000000600000000, 0x0000000800000000)
  region size 4096K, 1 young (4096K), 1 survivors (4096K)
 Metaspace       used 172597K, committed 174912K, reserved 1245184K
  class space    used 22192K, committed 23296K, reserved 1048576K
}
Event: 327.171 GC heap before
{Heap before GC invocations=147 (full 0):
 garbage-first heap   total 1675264K, used 325029K [0x0000000600000000, 0x0000000800000000)
  region size 4096K, 20 young (81920K), 1 survivors (4096K)
 Metaspace       used 172597K, committed 174912K, reserved 1245184K
  class space    used 22192K, committed 23296K, reserved 1048576K
}
Event: 327.182 GC heap after
{Heap after GC invocations=148 (full 0):
 garbage-first heap   total 1675264K, used 251001K [0x0000000600000000, 0x0000000800000000)
  region size 4096K, 1 young (4096K), 1 survivors (4096K)
 Metaspace       used 172597K, committed 174912K, reserved 1245184K
  class space    used 22192K, committed 23296K, reserved 1048576K
}
Event: 327.513 GC heap before
{Heap before GC invocations=148 (full 0):
 garbage-first heap   total 1675264K, used 328825K [0x0000000600000000, 0x0000000800000000)
  region size 4096K, 20 young (81920K), 1 survivors (4096K)
 Metaspace       used 172597K, committed 174912K, reserved 1245184K
  class space    used 22192K, committed 23296K, reserved 1048576K
}
Event: 327.519 GC heap after
{Heap after GC invocations=149 (full 0):
 garbage-first heap   total 1675264K, used 251909K [0x0000000600000000, 0x0000000800000000)
  region size 4096K, 1 young (4096K), 1 survivors (4096K)
 Metaspace       used 172597K, committed 174912K, reserved 1245184K
  class space    used 22192K, committed 23296K, reserved 1048576K
}
Event: 327.750 GC heap before
{Heap before GC invocations=149 (full 0):
 garbage-first heap   total 1675264K, used 329733K [0x0000000600000000, 0x0000000800000000)
  region size 4096K, 20 young (81920K), 1 survivors (4096K)
 Metaspace       used 172598K, committed 174912K, reserved 1245184K
  class space    used 22192K, committed 23296K, reserved 1048576K
}
Event: 327.763 GC heap after
{Heap after GC invocations=150 (full 0):
 garbage-first heap   total 1675264K, used 253903K [0x0000000600000000, 0x0000000800000000)
  region size 4096K, 2 young (8192K), 2 survivors (8192K)
 Metaspace       used 172598K, committed 174912K, reserved 1245184K
  class space    used 22192K, committed 23296K, reserved 1048576K
}
Event: 328.017 GC heap before
{Heap before GC invocations=150 (full 0):
 garbage-first heap   total 1675264K, used 327631K [0x0000000600000000, 0x0000000800000000)
  region size 4096K, 20 young (81920K), 2 survivors (8192K)
 Metaspace       used 172600K, committed 174912K, reserved 1245184K
  class space    used 22192K, committed 23296K, reserved 1048576K
}

