# JRE version: OpenJDK Runtime Environment (21.0.10) (build 21.0.10+-14961533-b1163.108)
# Java VM: OpenJDK 64-Bit Server VM (21.0.10+-14961533-b1163.108, mixed mode, tiered, compressed oops, compressed class ptrs, g1 gc, windows-amd64)
GC Precious Log:
 CardTable entry size: 512
 Card Set container configuration: InlinePtr #cards 4 size 8 Array Of Cards #cards 32 size 80 Howl #buckets 8 coarsen threshold 7372 Howl Bitmap #cards 1024 size 144 coarsen threshold 921 Card regions per heap region 1 cards per card region 8192
 CPUs: 4 total, 4 available
 Memory: 3463M
 Large Page Support: Disabled
 NUMA Support: Disabled
 Compressed Oops: Enabled (Zero based)
 Heap Region Size: 4M
 Heap Min Capacity: 8M
 Heap Initial Capacity: 56M
 Heap Max Capacity: 8G
 Pre-touch: Disabled
 Parallel Workers: 4
 Concurrent Workers: 1
 Concurrent Refinement Workers: 4
 Periodic GC: Disabled
Heap:
 garbage-first heap   total 1347584K, used 274887K [0x0000000600000000, 0x0000000800000000)
  region size 4096K, 1 young (4096K), 1 survivors (4096K)
 Metaspace       used 174347K, committed 176640K, reserved 1245184K
  class space    used 22363K, committed 23488K, reserved 1048576K
GC Heap History (20 events):
Event: 820.774 GC heap after
{Heap after GC invocations=143 (full 0):
 garbage-first heap   total 1347584K, used 245760K [0x0000000600000000, 0x0000000800000000)
  region size 4096K, 3 young (12288K), 3 survivors (12288K)
 Metaspace       used 172495K, committed 174848K, reserved 1245184K
  class space    used 22231K, committed 23360K, reserved 1048576K
}
Event: 824.432 GC heap before
{Heap before GC invocations=143 (full 0):
 garbage-first heap   total 1347584K, used 479232K [0x0000000600000000, 0x0000000800000000)
  region size 4096K, 60 young (245760K), 3 survivors (12288K)
 Metaspace       used 172569K, committed 174912K, reserved 1245184K
  class space    used 22232K, committed 23360K, reserved 1048576K
}
Event: 824.647 GC heap after
{Heap after GC invocations=144 (full 0):
 garbage-first heap   total 1347584K, used 244033K [0x0000000600000000, 0x0000000800000000)
  region size 4096K, 3 young (12288K), 3 survivors (12288K)
 Metaspace       used 172569K, committed 174912K, reserved 1245184K
  class space    used 22232K, committed 23360K, reserved 1048576K
}
Event: 833.745 GC heap before
{Heap before GC invocations=144 (full 0):
 garbage-first heap   total 1347584K, used 637249K [0x0000000600000000, 0x0000000800000000)
  region size 4096K, 101 young (413696K), 3 survivors (12288K)
 Metaspace       used 172604K, committed 174976K, reserved 1245184K
  class space    used 22233K, committed 23360K, reserved 1048576K
}
Event: 833.833 GC heap after
{Heap after GC invocations=145 (full 0):
 garbage-first heap   total 1347584K, used 248168K [0x0000000600000000, 0x0000000800000000)
  region size 4096K, 4 young (16384K), 4 survivors (16384K)
 Metaspace       used 172604K, committed 174976K, reserved 1245184K
  class space    used 22233K, committed 23360K, reserved 1048576K
}
Event: 854.920 GC heap before
{Heap before GC invocations=145 (full 0):
 garbage-first heap   total 1347584K, used 727400K [0x0000000600000000, 0x0000000800000000)
  region size 4096K, 122 young (499712K), 4 survivors (16384K)
 Metaspace       used 172625K, committed 174976K, reserved 1245184K
  class space    used 22235K, committed 23360K, reserved 1048576K
}
Event: 855.007 GC heap after
{Heap after GC invocations=146 (full 0):
 garbage-first heap   total 1347584K, used 260011K [0x0000000600000000, 0x0000000800000000)
  region size 4096K, 7 young (28672K), 7 survivors (28672K)
 Metaspace       used 172625K, committed 174976K, reserved 1245184K
  class space    used 22235K, committed 23360K, reserved 1048576K
}
Event: 857.625 GC heap before
{Heap before GC invocations=146 (full 0):
 garbage-first heap   total 1347584K, used 681899K [0x0000000600000000, 0x0000000800000000)
  region size 4096K, 111 young (454656K), 7 survivors (28672K)
 Metaspace       used 172637K, committed 174976K, reserved 1245184K
  class space    used 22235K, committed 23360K, reserved 1048576K
}
Event: 857.656 GC heap after
{Heap after GC invocations=147 (full 0):
 garbage-first heap   total 1347584K, used 266240K [0x0000000600000000, 0x0000000800000000)
  region size 4096K, 8 young (32768K), 8 survivors (32768K)
 Metaspace       used 172637K, committed 174976K, reserved 1245184K
  class space    used 22235K, committed 23360K, reserved 1048576K
}
Event: 865.073 GC heap before
{Heap before GC invocations=147 (full 0):
 garbage-first heap   total 1347584K, used 1040384K [0x0000000600000000, 0x0000000800000000)
  region size 4096K, 197 young (806912K), 8 survivors (32768K)
 Metaspace       used 172647K, committed 175040K, reserved 1245184K
  class space    used 22236K, committed 23360K, reserved 1048576K
}
Event: 865.288 GC heap after
{Heap after GC invocations=148 (full 0):
 garbage-first heap   total 1347584K, used 270336K [0x0000000600000000, 0x0000000800000000)
  region size 4096K, 9 young (36864K), 9 survivors (36864K)
 Metaspace       used 172647K, committed 175040K, reserved 1245184K
  class space    used 22236K, committed 23360K, reserved 1048576K
}
Event: 867.534 GC heap before
{Heap before GC invocations=148 (full 0):
 garbage-first heap   total 1347584K, used 888832K [0x0000000600000000, 0x0000000800000000)
  region size 4096K, 161 young (659456K), 9 survivors (36864K)
 Metaspace       used 172652K, committed 175040K, reserved 1245184K
  class space    used 22236K, committed 23360K, reserved 1048576K
}
Event: 867.577 GC heap after
{Heap after GC invocations=149 (full 0):
 garbage-first heap   total 1347584K, used 255466K [0x0000000600000000, 0x0000000800000000)
  region size 4096K, 6 young (24576K), 6 survivors (24576K)
 Metaspace       used 172652K, committed 175040K, reserved 1245184K
  class space    used 22236K, committed 23360K, reserved 1048576K
}
Event: 875.652 GC heap before
{Heap before GC invocations=149 (full 0):
 garbage-first heap   total 1347584K, used 1037802K [0x0000000600000000, 0x0000000800000000)
  region size 4096K, 197 young (806912K), 6 survivors (24576K)
 Metaspace       used 172691K, committed 175040K, reserved 1245184K
  class space    used 22236K, committed 23360K, reserved 1048576K
}
Event: 875.694 GC heap after
{Heap after GC invocations=150 (full 0):
 garbage-first heap   total 1347584K, used 259166K [0x0000000600000000, 0x0000000800000000)
  region size 4096K, 7 young (28672K), 7 survivors (28672K)
 Metaspace       used 172691K, committed 175040K, reserved 1245184K
  class space    used 22236K, committed 23360K, reserved 1048576K
}
Event: 1031.814 GC heap before
{Heap before GC invocations=150 (full 0):
 garbage-first heap   total 1347584K, used 1033310K [0x0000000600000000, 0x0000000800000000)
  region size 4096K, 197 young (806912K), 7 survivors (28672K)
 Metaspace       used 174331K, committed 176640K, reserved 1245184K
  class space    used 22363K, committed 23488K, reserved 1048576K
}
Event: 1035.650 GC heap after
{Heap after GC invocations=151 (full 0):
 garbage-first heap   total 1347584K, used 273572K [0x0000000600000000, 0x0000000800000000)
  region size 4096K, 12 young (49152K), 12 survivors (49152K)
 Metaspace       used 174331K, committed 176640K, reserved 1245184K
  class space    used 22363K, committed 23488K, reserved 1048576K
}
Event: 1036.080 GC heap before
{Heap before GC invocations=151 (full 0):
 garbage-first heap   total 1347584K, used 289956K [0x0000000600000000, 0x0000000800000000)
  region size 4096K, 16 young (65536K), 12 survivors (49152K)
 Metaspace       used 174332K, committed 176640K, reserved 1245184K
  class space    used 22363K, committed 23488K, reserved 1048576K
}
Event: 1036.497 GC heap after
{Heap after GC invocations=152 (full 0):
 garbage-first heap   total 1347584K, used 276880K [0x0000000600000000, 0x0000000800000000)
  region size 4096K, 2 young (8192K), 2 survivors (8192K)
 Metaspace       used 174332K, committed 176640K, reserved 1245184K
  class space    used 22363K, committed 23488K, reserved 1048576K
}
Event: 1038.182 GC heap before
{Heap before GC invocations=152 (full 0):
 garbage-first heap   total 1347584K, used 334224K [0x0000000600000000, 0x0000000800000000)
  region size 4096K, 16 young (65536K), 2 survivors (8192K)
 Metaspace       used 174347K, committed 176640K, reserved 1245184K
  class space    used 22363K, committed 23488K, reserved 1048576K
}

